mode: set
plans/cmd/internal/closer/closer.go:34.74,40.23 4 1
plans/cmd/internal/closer/closer.go:40.23,41.15 1 1
plans/cmd/internal/closer/closer.go:41.15,43.4 1 1
plans/cmd/internal/closer/closer.go:44.3,44.27 1 1
plans/cmd/internal/closer/closer.go:44.27,46.4 1 1
plans/cmd/internal/closer/closer.go:49.2,49.16 1 1
plans/cmd/internal/closer/closer.go:49.16,51.3 1 1
plans/cmd/internal/closer/closer.go:52.2,54.24 3 1
plans/cmd/internal/closer/closer.go:54.24,56.3 1 1
plans/cmd/internal/closer/closer.go:58.2,58.18 1 1
plans/cmd/internal/closer/closer.go:61.58,63.12 2 1
plans/cmd/internal/closer/closer.go:63.12,68.7 4 1
plans/cmd/internal/closer/closer.go:68.7,70.17 2 1
plans/cmd/internal/closer/closer.go:70.17,71.10 1 1
plans/cmd/internal/closer/closer.go:73.4,73.52 1 1
plans/cmd/internal/closer/closer.go:73.52,75.5 1 1
plans/cmd/internal/closer/closer.go:78.2,78.13 1 1
plans/cmd/internal/closer/closer.go:81.96,85.20 3 1
plans/cmd/internal/closer/closer.go:85.20,87.25 2 1
plans/cmd/internal/closer/closer.go:87.25,88.27 1 1
plans/cmd/internal/closer/closer.go:88.27,89.13 1 1
plans/cmd/internal/closer/closer.go:91.4,91.11 1 1
plans/cmd/internal/closer/closer.go:92.35,92.35 0 1
plans/cmd/internal/closer/closer.go:93.22,94.11 1 0
plans/cmd/internal/closer/closer.go:99.2,100.31 2 1
plans/cmd/internal/closer/closer.go:100.31,102.3 1 1
plans/cmd/internal/closer/closer.go:103.2,103.12 1 1
plans/cmd/internal/closer/closer.go:103.12,106.3 2 1
plans/cmd/internal/closer/closer.go:108.2,108.13 1 1
plans/cmd/internal/closer/closer.go:111.69,113.9 2 1
plans/cmd/internal/closer/closer.go:113.9,115.3 1 1
plans/cmd/internal/closer/closer.go:116.2,117.12 2 1
plans/cmd/internal/closer/closer.go:117.12,119.28 2 1
plans/cmd/internal/closer/closer.go:119.28,120.11 1 1
plans/cmd/internal/closer/closer.go:121.19,121.19 0 1
plans/cmd/internal/closer/closer.go:122.22,123.11 1 0
plans/cmd/internal/closer/closer.go:127.2,127.22 1 1
plans/cmd/internal/closer/closer.go:130.64,131.17 1 1
plans/cmd/internal/closer/closer.go:131.17,133.3 1 1
plans/cmd/internal/closer/closer.go:134.2,135.28 2 1
plans/cmd/internal/closer/closer.go:135.28,136.24 1 1
plans/cmd/internal/closer/closer.go:136.24,137.20 1 1
plans/cmd/internal/closer/closer.go:137.20,138.13 1 0
plans/cmd/internal/closer/closer.go:140.4,140.22 1 1
plans/cmd/internal/closer/closer.go:143.2,143.19 1 1
plans/cmd/internal/closer/closer.go:143.19,144.17 1 1
plans/cmd/internal/closer/closer.go:144.17,145.12 1 1
plans/cmd/internal/closer/closer.go:147.3,148.15 2 1
plans/cmd/internal/closer/closer.go:150.2,150.18 1 1
